2024-03-28 03:33:03,063 :: INFO :: Triggering request to server...
2024-03-28 03:33:04,070 :: INFO :: Initializing server...
2024-03-28 03:33:04,073 :: INFO :: Server initialized
2024-03-28 03:33:04,075 :: INFO :: Server is running
2024-03-28 03:33:24,358 :: INFO :: Shutting down server...
2024-03-28 03:35:16,163 :: INFO :: Triggering request to server...
2024-03-28 03:35:17,167 :: INFO :: Initializing server...
2024-03-28 03:35:17,169 :: INFO :: Server initialized
2024-03-28 03:35:17,170 :: INFO :: Server is running
2024-03-28 03:35:32,974 :: INFO :: Shutting down server...
2024-03-28 03:35:56,620 :: INFO :: Triggering request to server...
2024-03-28 03:35:57,625 :: INFO :: Initializing server...
2024-03-28 03:35:57,627 :: INFO :: Server initialized
2024-03-28 03:35:57,638 :: INFO :: Server is running
2024-03-28 03:36:01,813 :: INFO :: Shutting down server...
2024-03-31 06:49:23,861 :: INFO :: Triggering request to server...
2024-03-31 06:49:24,873 :: INFO :: Initializing server...
2024-03-31 06:49:24,888 :: INFO :: Server initialized
2024-03-31 06:49:24,903 :: INFO :: Server is running
2024-04-03 18:02:27,452 :: INFO :: Triggering request to server...
2024-04-03 18:02:28,475 :: INFO :: Initializing server...
2024-04-03 18:02:28,483 :: INFO :: Server initialized
2024-04-03 18:02:28,486 :: INFO :: Server is running
2024-04-04 06:56:17,673 :: INFO :: Shutting down server...
2024-04-04 06:56:23,877 :: INFO :: Shutting down server...
2024-04-04 07:06:57,389 :: ERROR :: Park with id 1 not found
2024-04-04 07:06:57,389 :: ERROR :: Park with id 2 not found
2024-04-04 07:06:57,390 :: ERROR :: Park with id 3 not found
2024-04-04 07:06:57,390 :: ERROR :: Park with id 4 not found
2024-04-04 07:06:57,390 :: ERROR :: Park with id 4 not found
2024-04-04 07:06:57,390 :: ERROR :: Park with id 4 not found
2024-04-04 07:06:57,390 :: ERROR :: Park with id 4 not found
2024-04-04 07:06:57,390 :: ERROR :: Park with id 4 not found
2024-04-04 07:06:57,390 :: ERROR :: Park with id 4 not found
2024-04-04 07:06:57,390 :: ERROR :: Park with id 4 not found
2024-04-04 07:06:57,390 :: ERROR :: Park with id 4 not found
2024-04-04 07:06:57,391 :: ERROR :: Park with id 4 not found
2024-04-04 07:06:57,391 :: ERROR :: Park with id 4 not found
2024-04-04 07:06:57,391 :: ERROR :: Park with id 4 not found
2024-04-04 07:06:57,391 :: ERROR :: Park with id 4 not found
2024-04-04 07:06:57,391 :: ERROR :: Park with id 4 not found
2024-04-04 07:06:57,392 :: ERROR :: Park with id 4 not found
2024-04-04 07:06:57,392 :: ERROR :: Park with id 4 not found
2024-04-04 07:06:57,392 :: ERROR :: Park with id 4 not found
2024-04-04 07:06:57,392 :: ERROR :: Park with id 4 not found
2024-04-04 07:06:57,392 :: ERROR :: Park with id 4 not found
2024-04-04 07:06:57,392 :: ERROR :: Park with id 4 not found
2024-04-04 07:06:57,392 :: ERROR :: Park with id 4 not found
2024-04-04 07:06:57,393 :: ERROR :: Park with id 4 not found
2024-04-04 07:06:57,393 :: ERROR :: Park with id 4 not found
2024-04-04 07:06:57,393 :: ERROR :: Park with id 4 not found
2024-04-04 07:06:57,393 :: ERROR :: Park with id 4 not found
2024-04-04 07:06:57,393 :: ERROR :: Park with id 4 not found
2024-04-04 07:06:57,394 :: ERROR :: Park with id 4 not found
2024-04-04 07:06:57,394 :: ERROR :: Park with id 4 not found
2024-04-04 07:06:57,394 :: ERROR :: Park with id 4 not found
2024-04-04 07:06:57,394 :: ERROR :: Park with id 4 not found
2024-04-04 07:06:57,394 :: ERROR :: Park with id 4 not found
2024-04-04 07:06:57,395 :: ERROR :: Park with id 4 not found
2024-04-04 07:06:57,395 :: ERROR :: Park with id 4 not found
2024-04-04 07:06:57,395 :: ERROR :: Park with id 4 not found
2024-04-04 07:06:57,395 :: ERROR :: Park with id 4 not found
2024-04-04 07:06:57,396 :: ERROR :: Park with id 4 not found
2024-04-04 07:06:57,396 :: ERROR :: Park with id 4 not found
2024-04-04 07:06:57,396 :: ERROR :: Park with id 4 not found
2024-04-04 07:06:57,396 :: ERROR :: Park with id 4 not found
2024-04-04 07:06:57,396 :: ERROR :: Park with id 4 not found
2024-04-04 07:06:57,397 :: ERROR :: Park with id 4 not found
2024-04-04 07:06:57,397 :: ERROR :: Park with id 4 not found
2024-04-04 07:06:57,397 :: ERROR :: Park with id 4 not found
2024-04-04 07:06:57,397 :: ERROR :: Park with id 4 not found
2024-04-04 07:06:57,397 :: ERROR :: Park with id 4 not found
2024-04-04 07:06:57,397 :: ERROR :: Park with id 4 not found
2024-04-04 07:06:57,397 :: ERROR :: Park with id 4 not found
2024-04-04 07:06:57,397 :: ERROR :: Park with id 4 not found
2024-04-04 07:06:57,398 :: ERROR :: Park with id 4 not found
2024-04-04 07:06:57,398 :: ERROR :: Park with id 4 not found
2024-04-04 07:06:57,398 :: ERROR :: Park with id 4 not found
2024-04-04 07:06:57,398 :: ERROR :: Park with id 4 not found
2024-04-04 07:06:57,398 :: ERROR :: Park with id 4 not found
2024-04-04 07:06:57,399 :: ERROR :: Park with id 4 not found
2024-04-04 07:06:57,399 :: ERROR :: Park with id 4 not found
2024-04-04 07:06:57,399 :: ERROR :: Park with id 4 not found
2024-04-04 07:06:57,399 :: ERROR :: Park with id 4 not found
2024-04-04 07:06:57,400 :: ERROR :: Park with id 4 not found
2024-04-04 07:06:57,400 :: ERROR :: Park with id 4 not found
2024-04-04 07:06:57,400 :: ERROR :: Park with id 4 not found
2024-04-04 07:06:57,400 :: ERROR :: Park with id 4 not found
2024-04-04 07:06:57,401 :: ERROR :: Park with id 4 not found
2024-04-04 07:06:57,401 :: ERROR :: Park with id 4 not found
2024-04-04 07:06:57,401 :: ERROR :: Park with id 4 not found
2024-04-04 07:06:57,401 :: ERROR :: Park with id 4 not found
2024-04-04 07:06:57,401 :: ERROR :: Park with id 4 not found
2024-04-04 07:06:57,401 :: ERROR :: Park with id 4 not found
2024-04-04 07:06:57,401 :: ERROR :: Park with id 4 not found
2024-04-04 07:06:57,401 :: ERROR :: Park with id 4 not found
2024-04-04 07:06:57,402 :: ERROR :: Park with id 4 not found
2024-04-04 07:06:57,402 :: ERROR :: Park with id 4 not found
2024-04-04 07:06:57,402 :: ERROR :: Park with id 4 not found
2024-04-04 07:06:57,402 :: ERROR :: Park with id 4 not found
2024-04-04 07:06:57,403 :: ERROR :: Park with id 4 not found
2024-04-04 07:06:57,403 :: ERROR :: Park with id 4 not found
2024-04-04 07:06:57,403 :: ERROR :: Park with id 4 not found
2024-04-04 07:06:57,403 :: ERROR :: Park with id 4 not found
2024-04-04 07:06:57,403 :: ERROR :: Park with id 4 not found
2024-04-04 07:06:57,403 :: ERROR :: Park with id 4 not found
2024-04-04 07:06:57,404 :: ERROR :: Park with id 4 not found
2024-04-04 07:06:57,404 :: ERROR :: Park with id 4 not found
2024-04-04 07:06:57,404 :: ERROR :: Park with id 4 not found
2024-04-04 07:06:57,404 :: ERROR :: Park with id 4 not found
2024-04-04 07:06:57,404 :: ERROR :: Park with id 4 not found
2024-04-04 07:06:57,404 :: ERROR :: Park with id 4 not found
2024-04-04 07:06:57,404 :: ERROR :: Park with id 5 not found
2024-04-04 07:06:57,404 :: ERROR :: Park with id 5 not found
2024-04-04 07:06:57,404 :: ERROR :: Park with id 5 not found
2024-04-04 07:06:57,404 :: ERROR :: Park with id 5 not found
2024-04-04 07:06:57,405 :: ERROR :: Park with id 5 not found
2024-04-04 07:06:57,405 :: ERROR :: Park with id 6 not found
2024-04-04 07:06:57,405 :: ERROR :: Park with id 6 not found
2024-04-04 07:06:57,405 :: ERROR :: Park with id 6 not found
2024-04-04 07:06:57,405 :: ERROR :: Park with id 6 not found
2024-04-04 07:06:57,406 :: ERROR :: Park with id 6 not found
2024-04-04 07:06:57,406 :: ERROR :: Park with id 6 not found
2024-04-04 07:06:57,406 :: ERROR :: Park with id 6 not found
2024-04-04 07:06:57,406 :: ERROR :: Park with id 6 not found
2024-04-04 07:06:57,406 :: ERROR :: Park with id 6 not found
2024-04-04 07:06:57,407 :: ERROR :: Park with id 6 not found
2024-04-04 07:06:57,407 :: ERROR :: Park with id 6 not found
2024-04-04 07:06:57,407 :: ERROR :: Park with id 6 not found
2024-04-04 07:06:57,407 :: ERROR :: Park with id 7 not found
2024-04-04 07:06:57,407 :: ERROR :: Park with id 7 not found
2024-04-04 07:06:57,407 :: ERROR :: Park with id 7 not found
2024-04-04 07:06:57,408 :: ERROR :: Park with id 7 not found
2024-04-04 07:06:57,408 :: ERROR :: Park with id 7 not found
2024-04-04 07:06:57,408 :: ERROR :: Park with id 7 not found
2024-04-04 07:06:57,408 :: ERROR :: Park with id 7 not found
2024-04-04 07:06:57,408 :: ERROR :: Park with id 7 not found
2024-04-04 07:06:57,409 :: ERROR :: Park with id 7 not found
2024-04-04 07:06:57,409 :: ERROR :: Park with id 8 not found
2024-04-04 07:06:57,409 :: ERROR :: Park with id 8 not found
2024-04-04 07:06:57,409 :: ERROR :: Park with id 9 not found
2024-04-04 07:06:57,409 :: ERROR :: Park with id 9 not found
2024-04-04 07:06:57,409 :: ERROR :: Park with id 9 not found
2024-04-04 07:06:57,409 :: ERROR :: Park with id 9 not found
2024-04-04 07:06:57,409 :: ERROR :: Park with id 9 not found
2024-04-04 07:06:57,410 :: ERROR :: Park with id 9 not found
2024-04-04 07:06:57,410 :: ERROR :: Park with id 9 not found
2024-04-04 07:06:57,410 :: ERROR :: Park with id 9 not found
2024-04-04 07:06:57,410 :: ERROR :: Park with id 9 not found
2024-04-04 07:06:57,410 :: ERROR :: Park with id 9 not found
2024-04-04 07:06:57,410 :: ERROR :: Park with id 9 not found
2024-04-04 07:06:57,411 :: ERROR :: Park with id 9 not found
2024-04-04 07:06:57,411 :: ERROR :: Park with id 9 not found
2024-04-04 07:06:57,411 :: ERROR :: Park with id 9 not found
2024-04-04 07:06:57,411 :: ERROR :: Park with id 9 not found
2024-04-04 07:06:57,411 :: ERROR :: Park with id 9 not found
2024-04-04 07:06:57,412 :: ERROR :: Park with id 9 not found
2024-04-04 07:06:57,412 :: ERROR :: Park with id 9 not found
2024-04-04 07:06:57,412 :: ERROR :: Park with id 9 not found
2024-04-04 07:06:57,412 :: ERROR :: Park with id 9 not found
2024-04-04 07:06:57,413 :: ERROR :: Park with id 10 not found
2024-04-04 07:06:57,413 :: ERROR :: Park with id 10 not found
2024-04-04 07:06:57,413 :: ERROR :: Park with id 10 not found
2024-04-04 07:06:57,413 :: ERROR :: Park with id 10 not found
2024-04-04 07:06:57,413 :: ERROR :: Park with id 10 not found
2024-04-04 07:06:57,413 :: ERROR :: Park with id 10 not found
2024-04-04 07:06:57,414 :: ERROR :: Park with id 10 not found
2024-04-04 07:06:57,414 :: ERROR :: Park with id 10 not found
2024-04-04 07:06:57,414 :: ERROR :: Park with id 10 not found
2024-04-04 07:06:57,414 :: ERROR :: Park with id 10 not found
2024-04-04 07:06:57,414 :: ERROR :: Park with id 11 not found
2024-04-04 07:06:57,414 :: ERROR :: Park with id 11 not found
2024-04-04 07:06:57,415 :: ERROR :: Park with id 11 not found
2024-04-04 07:06:57,415 :: ERROR :: Park with id 11 not found
2024-04-04 07:06:57,415 :: ERROR :: Park with id 11 not found
2024-04-04 07:06:57,415 :: ERROR :: Park with id 11 not found
2024-04-04 07:06:57,415 :: ERROR :: Park with id 11 not found
2024-04-04 07:06:57,415 :: ERROR :: Park with id 11 not found
2024-04-04 07:06:57,416 :: ERROR :: Park with id 11 not found
2024-04-04 07:06:57,416 :: ERROR :: Park with id 11 not found
2024-04-04 07:06:57,416 :: ERROR :: Park with id 11 not found
2024-04-04 07:06:57,416 :: ERROR :: Park with id 11 not found
2024-04-04 07:06:57,417 :: ERROR :: Park with id 11 not found
2024-04-04 07:06:57,417 :: ERROR :: Park with id 11 not found
2024-04-04 07:06:57,417 :: ERROR :: Park with id 11 not found
2024-04-04 07:06:57,417 :: ERROR :: Park with id 11 not found
2024-04-04 07:06:57,418 :: ERROR :: Park with id 11 not found
2024-04-04 07:06:57,418 :: ERROR :: Park with id 11 not found
2024-04-04 07:06:57,418 :: ERROR :: Park with id 11 not found
2024-04-04 07:06:57,419 :: ERROR :: Park with id 11 not found
2024-04-04 07:06:57,419 :: ERROR :: Park with id 11 not found
2024-04-04 07:06:57,419 :: ERROR :: Park with id 11 not found
2024-04-04 07:06:57,419 :: ERROR :: Park with id 11 not found
2024-04-04 07:06:57,419 :: ERROR :: Park with id 11 not found
2024-04-04 07:06:57,420 :: ERROR :: Park with id 11 not found
2024-04-04 07:06:57,420 :: ERROR :: Park with id 11 not found
2024-04-04 07:06:57,420 :: ERROR :: Park with id 11 not found
2024-04-04 07:06:57,420 :: ERROR :: Park with id 11 not found
2024-04-04 07:06:57,420 :: ERROR :: Park with id 11 not found
2024-04-04 07:06:57,421 :: ERROR :: Park with id 11 not found
2024-04-04 07:06:57,421 :: ERROR :: Park with id 11 not found
2024-04-04 07:06:57,421 :: ERROR :: Park with id 11 not found
2024-04-04 07:06:57,421 :: ERROR :: Park with id 11 not found
2024-04-04 07:06:57,421 :: ERROR :: Park with id 11 not found
2024-04-04 07:06:57,421 :: ERROR :: Park with id 11 not found
2024-04-04 07:06:57,421 :: ERROR :: Park with id 11 not found
2024-04-04 07:06:57,421 :: ERROR :: Park with id 11 not found
2024-04-04 07:06:57,422 :: ERROR :: Park with id 11 not found
2024-04-04 07:06:57,422 :: ERROR :: Park with id 11 not found
2024-04-04 07:06:57,422 :: ERROR :: Park with id 11 not found
2024-04-04 07:06:57,423 :: ERROR :: Park with id 11 not found
2024-04-04 07:06:57,423 :: ERROR :: Park with id 11 not found
2024-04-04 07:06:57,423 :: ERROR :: Park with id 11 not found
2024-04-04 07:06:57,423 :: ERROR :: Park with id 11 not found
2024-04-04 07:06:57,424 :: ERROR :: Park with id 11 not found
2024-04-04 07:06:57,424 :: ERROR :: Park with id 11 not found
2024-04-04 07:06:57,424 :: ERROR :: Park with id 11 not found
2024-04-04 07:06:57,424 :: ERROR :: Park with id 11 not found
2024-04-04 07:06:57,424 :: ERROR :: Park with id 11 not found
2024-04-04 07:06:57,425 :: ERROR :: Park with id 11 not found
2024-04-04 07:06:57,425 :: ERROR :: Park with id 11 not found
2024-04-04 07:06:57,425 :: ERROR :: Park with id 11 not found
2024-04-04 07:06:57,425 :: ERROR :: Park with id 11 not found
2024-04-04 07:06:57,425 :: ERROR :: Park with id 11 not found
2024-04-04 07:06:57,426 :: ERROR :: Park with id 11 not found
2024-04-04 07:06:57,426 :: ERROR :: Park with id 11 not found
2024-04-04 07:06:57,426 :: ERROR :: Park with id 11 not found
2024-04-04 07:06:57,426 :: ERROR :: Park with id 11 not found
2024-04-04 07:06:57,426 :: ERROR :: Park with id 11 not found
2024-04-04 07:06:57,427 :: ERROR :: Park with id 11 not found
2024-04-04 07:06:57,427 :: ERROR :: Park with id 11 not found
2024-04-04 07:06:57,427 :: ERROR :: Park with id 11 not found
2024-04-04 07:06:57,427 :: ERROR :: Park with id 11 not found
2024-04-04 07:06:57,427 :: ERROR :: Park with id 11 not found
2024-04-04 07:06:57,427 :: ERROR :: Park with id 11 not found
2024-04-04 07:06:57,427 :: ERROR :: Park with id 11 not found
2024-04-04 07:06:57,427 :: ERROR :: Park with id 11 not found
2024-04-04 07:06:57,427 :: ERROR :: Park with id 11 not found
2024-04-04 07:06:57,428 :: ERROR :: Park with id 11 not found
2024-04-04 07:06:57,428 :: ERROR :: Park with id 12 not found
2024-04-04 07:06:57,428 :: ERROR :: Park with id 12 not found
2024-04-04 07:06:57,428 :: ERROR :: Park with id 12 not found
2024-04-04 07:06:57,428 :: ERROR :: Park with id 12 not found
2024-04-04 07:06:57,428 :: ERROR :: Park with id 12 not found
2024-04-04 07:06:57,428 :: ERROR :: Park with id 12 not found
2024-04-04 07:06:57,428 :: ERROR :: Park with id 12 not found
2024-04-04 07:06:57,428 :: ERROR :: Park with id 12 not found
2024-04-04 07:06:57,429 :: ERROR :: Park with id 12 not found
2024-04-04 07:06:57,429 :: ERROR :: Park with id 12 not found
2024-04-04 07:07:39,003 :: ERROR :: Park with id 1 not found
2024-04-04 07:07:39,003 :: ERROR :: Park with id 2 not found
2024-04-04 07:07:39,003 :: ERROR :: Park with id 3 not found
2024-04-04 07:07:39,003 :: ERROR :: Park with id 4 not found
2024-04-04 07:07:39,005 :: ERROR :: Park with id 4 not found
2024-04-04 07:07:39,005 :: ERROR :: Park with id 4 not found
2024-04-04 07:07:39,005 :: ERROR :: Park with id 4 not found
2024-04-04 07:07:39,005 :: ERROR :: Park with id 4 not found
2024-04-04 07:07:39,005 :: ERROR :: Park with id 4 not found
2024-04-04 07:07:39,005 :: ERROR :: Park with id 4 not found
2024-04-04 07:07:39,005 :: ERROR :: Park with id 4 not found
2024-04-04 07:07:39,006 :: ERROR :: Park with id 4 not found
2024-04-04 07:07:39,006 :: ERROR :: Park with id 4 not found
2024-04-04 07:07:39,006 :: ERROR :: Park with id 4 not found
2024-04-04 07:07:39,006 :: ERROR :: Park with id 4 not found
2024-04-04 07:07:39,007 :: ERROR :: Park with id 4 not found
2024-04-04 07:07:39,007 :: ERROR :: Park with id 4 not found
2024-04-04 07:07:39,007 :: ERROR :: Park with id 4 not found
2024-04-04 07:07:39,007 :: ERROR :: Park with id 4 not found
2024-04-04 07:07:39,007 :: ERROR :: Park with id 4 not found
2024-04-04 07:07:39,007 :: ERROR :: Park with id 4 not found
2024-04-04 07:07:39,007 :: ERROR :: Park with id 4 not found
2024-04-04 07:07:39,007 :: ERROR :: Park with id 4 not found
2024-04-04 07:07:39,007 :: ERROR :: Park with id 4 not found
2024-04-04 07:07:39,008 :: ERROR :: Park with id 4 not found
2024-04-04 07:07:39,008 :: ERROR :: Park with id 4 not found
2024-04-04 07:07:39,008 :: ERROR :: Park with id 4 not found
2024-04-04 07:07:39,008 :: ERROR :: Park with id 4 not found
2024-04-04 07:07:39,008 :: ERROR :: Park with id 4 not found
2024-04-04 07:07:39,008 :: ERROR :: Park with id 4 not found
2024-04-04 07:07:39,008 :: ERROR :: Park with id 4 not found
2024-04-04 07:07:39,008 :: ERROR :: Park with id 4 not found
2024-04-04 07:07:39,008 :: ERROR :: Park with id 4 not found
2024-04-04 07:07:39,009 :: ERROR :: Park with id 4 not found
2024-04-04 07:07:39,009 :: ERROR :: Park with id 4 not found
2024-04-04 07:07:39,009 :: ERROR :: Park with id 4 not found
2024-04-04 07:07:39,009 :: ERROR :: Park with id 4 not found
2024-04-04 07:07:39,009 :: ERROR :: Park with id 4 not found
2024-04-04 07:07:39,010 :: ERROR :: Park with id 4 not found
2024-04-04 07:07:39,010 :: ERROR :: Park with id 4 not found
2024-04-04 07:07:39,010 :: ERROR :: Park with id 4 not found
2024-04-04 07:07:39,010 :: ERROR :: Park with id 4 not found
2024-04-04 07:07:39,010 :: ERROR :: Park with id 4 not found
2024-04-04 07:07:39,010 :: ERROR :: Park with id 4 not found
2024-04-04 07:07:39,011 :: ERROR :: Park with id 4 not found
2024-04-04 07:07:39,011 :: ERROR :: Park with id 4 not found
2024-04-04 07:07:39,011 :: ERROR :: Park with id 4 not found
2024-04-04 07:07:39,011 :: ERROR :: Park with id 4 not found
2024-04-04 07:07:39,011 :: ERROR :: Park with id 4 not found
2024-04-04 07:07:39,011 :: ERROR :: Park with id 4 not found
2024-04-04 07:07:39,011 :: ERROR :: Park with id 4 not found
2024-04-04 07:07:39,011 :: ERROR :: Park with id 4 not found
2024-04-04 07:07:39,011 :: ERROR :: Park with id 4 not found
2024-04-04 07:07:39,011 :: ERROR :: Park with id 4 not found
2024-04-04 07:07:39,012 :: ERROR :: Park with id 4 not found
2024-04-04 07:07:39,012 :: ERROR :: Park with id 4 not found
2024-04-04 07:07:39,012 :: ERROR :: Park with id 4 not found
2024-04-04 07:07:39,012 :: ERROR :: Park with id 4 not found
2024-04-04 07:07:39,012 :: ERROR :: Park with id 4 not found
2024-04-04 07:07:39,012 :: ERROR :: Park with id 4 not found
2024-04-04 07:07:39,012 :: ERROR :: Park with id 4 not found
2024-04-04 07:07:39,012 :: ERROR :: Park with id 4 not found
2024-04-04 07:07:39,012 :: ERROR :: Park with id 4 not found
2024-04-04 07:07:39,012 :: ERROR :: Park with id 4 not found
2024-04-04 07:07:39,013 :: ERROR :: Park with id 4 not found
2024-04-04 07:07:39,013 :: ERROR :: Park with id 4 not found
2024-04-04 07:07:39,013 :: ERROR :: Park with id 4 not found
2024-04-04 07:07:39,013 :: ERROR :: Park with id 4 not found
2024-04-04 07:07:39,013 :: ERROR :: Park with id 4 not found
2024-04-04 07:07:39,013 :: ERROR :: Park with id 4 not found
2024-04-04 07:07:39,013 :: ERROR :: Park with id 4 not found
2024-04-04 07:07:39,013 :: ERROR :: Park with id 4 not found
2024-04-04 07:07:39,013 :: ERROR :: Park with id 4 not found
2024-04-04 07:07:39,014 :: ERROR :: Park with id 4 not found
2024-04-04 07:07:39,014 :: ERROR :: Park with id 4 not found
2024-04-04 07:07:39,014 :: ERROR :: Park with id 4 not found
2024-04-04 07:07:39,014 :: ERROR :: Park with id 4 not found
2024-04-04 07:07:39,014 :: ERROR :: Park with id 4 not found
2024-04-04 07:07:39,014 :: ERROR :: Park with id 4 not found
2024-04-04 07:07:39,014 :: ERROR :: Park with id 4 not found
2024-04-04 07:07:39,014 :: ERROR :: Park with id 4 not found
2024-04-04 07:07:39,014 :: ERROR :: Park with id 4 not found
2024-04-04 07:07:39,015 :: ERROR :: Park with id 4 not found
2024-04-04 07:07:39,015 :: ERROR :: Park with id 4 not found
2024-04-04 07:07:39,015 :: ERROR :: Park with id 4 not found
2024-04-04 07:07:39,015 :: ERROR :: Park with id 4 not found
2024-04-04 07:07:39,015 :: ERROR :: Park with id 4 not found
2024-04-04 07:07:39,016 :: ERROR :: Park with id 5 not found
2024-04-04 07:07:39,016 :: ERROR :: Park with id 5 not found
2024-04-04 07:07:39,016 :: ERROR :: Park with id 5 not found
2024-04-04 07:07:39,016 :: ERROR :: Park with id 5 not found
2024-04-04 07:07:39,016 :: ERROR :: Park with id 5 not found
2024-04-04 07:07:39,016 :: ERROR :: Park with id 6 not found
2024-04-04 07:07:39,017 :: ERROR :: Park with id 6 not found
2024-04-04 07:07:39,017 :: ERROR :: Park with id 6 not found
2024-04-04 07:07:39,017 :: ERROR :: Park with id 6 not found
2024-04-04 07:07:39,017 :: ERROR :: Park with id 6 not found
2024-04-04 07:07:39,017 :: ERROR :: Park with id 6 not found
2024-04-04 07:07:39,018 :: ERROR :: Park with id 6 not found
2024-04-04 07:07:39,018 :: ERROR :: Park with id 6 not found
2024-04-04 07:07:39,018 :: ERROR :: Park with id 6 not found
2024-04-04 07:07:39,019 :: ERROR :: Park with id 6 not found
2024-04-04 07:07:39,019 :: ERROR :: Park with id 6 not found
2024-04-04 07:07:39,019 :: ERROR :: Park with id 6 not found
2024-04-04 07:07:39,019 :: ERROR :: Park with id 7 not found
2024-04-04 07:07:39,019 :: ERROR :: Park with id 7 not found
2024-04-04 07:07:39,019 :: ERROR :: Park with id 7 not found
2024-04-04 07:07:39,019 :: ERROR :: Park with id 7 not found
2024-04-04 07:07:39,019 :: ERROR :: Park with id 7 not found
2024-04-04 07:07:39,019 :: ERROR :: Park with id 7 not found
2024-04-04 07:07:39,019 :: ERROR :: Park with id 7 not found
2024-04-04 07:07:39,020 :: ERROR :: Park with id 7 not found
2024-04-04 07:07:39,020 :: ERROR :: Park with id 7 not found
2024-04-04 07:07:39,020 :: ERROR :: Park with id 8 not found
2024-04-04 07:07:39,020 :: ERROR :: Park with id 8 not found
2024-04-04 07:07:39,020 :: ERROR :: Park with id 9 not found
2024-04-04 07:07:39,020 :: ERROR :: Park with id 9 not found
2024-04-04 07:07:39,020 :: ERROR :: Park with id 9 not found
2024-04-04 07:07:39,020 :: ERROR :: Park with id 9 not found
2024-04-04 07:07:39,021 :: ERROR :: Park with id 9 not found
2024-04-04 07:07:39,021 :: ERROR :: Park with id 9 not found
2024-04-04 07:07:39,021 :: ERROR :: Park with id 9 not found
2024-04-04 07:07:39,021 :: ERROR :: Park with id 9 not found
2024-04-04 07:07:39,021 :: ERROR :: Park with id 9 not found
2024-04-04 07:07:39,021 :: ERROR :: Park with id 9 not found
2024-04-04 07:07:39,022 :: ERROR :: Park with id 9 not found
2024-04-04 07:07:39,022 :: ERROR :: Park with id 9 not found
2024-04-04 07:07:39,022 :: ERROR :: Park with id 9 not found
2024-04-04 07:07:39,022 :: ERROR :: Park with id 9 not found
2024-04-04 07:07:39,022 :: ERROR :: Park with id 9 not found
2024-04-04 07:07:39,022 :: ERROR :: Park with id 9 not found
2024-04-04 07:07:39,022 :: ERROR :: Park with id 9 not found
2024-04-04 07:07:39,022 :: ERROR :: Park with id 9 not found
2024-04-04 07:07:39,023 :: ERROR :: Park with id 9 not found
2024-04-04 07:07:39,023 :: ERROR :: Park with id 9 not found
2024-04-04 07:07:39,023 :: ERROR :: Park with id 10 not found
2024-04-04 07:07:39,023 :: ERROR :: Park with id 10 not found
2024-04-04 07:07:39,023 :: ERROR :: Park with id 10 not found
2024-04-04 07:07:39,023 :: ERROR :: Park with id 10 not found
2024-04-04 07:07:39,023 :: ERROR :: Park with id 10 not found
2024-04-04 07:07:39,024 :: ERROR :: Park with id 10 not found
2024-04-04 07:07:39,024 :: ERROR :: Park with id 10 not found
2024-04-04 07:07:39,024 :: ERROR :: Park with id 10 not found
2024-04-04 07:07:39,024 :: ERROR :: Park with id 10 not found
2024-04-04 07:07:39,024 :: ERROR :: Park with id 10 not found
2024-04-04 07:07:39,024 :: ERROR :: Park with id 11 not found
2024-04-04 07:07:39,024 :: ERROR :: Park with id 11 not found
2024-04-04 07:07:39,024 :: ERROR :: Park with id 11 not found
2024-04-04 07:07:39,025 :: ERROR :: Park with id 11 not found
2024-04-04 07:07:39,025 :: ERROR :: Park with id 11 not found
2024-04-04 07:07:39,025 :: ERROR :: Park with id 11 not found
2024-04-04 07:07:39,025 :: ERROR :: Park with id 11 not found
2024-04-04 07:07:39,025 :: ERROR :: Park with id 11 not found
2024-04-04 07:07:39,025 :: ERROR :: Park with id 11 not found
2024-04-04 07:07:39,025 :: ERROR :: Park with id 11 not found
2024-04-04 07:07:39,025 :: ERROR :: Park with id 11 not found
2024-04-04 07:07:39,025 :: ERROR :: Park with id 11 not found
2024-04-04 07:07:39,026 :: ERROR :: Park with id 11 not found
2024-04-04 07:07:39,026 :: ERROR :: Park with id 11 not found
2024-04-04 07:07:39,026 :: ERROR :: Park with id 11 not found
2024-04-04 07:07:39,026 :: ERROR :: Park with id 11 not found
2024-04-04 07:07:39,026 :: ERROR :: Park with id 11 not found
2024-04-04 07:07:39,026 :: ERROR :: Park with id 11 not found
2024-04-04 07:07:39,027 :: ERROR :: Park with id 11 not found
2024-04-04 07:07:39,027 :: ERROR :: Park with id 11 not found
2024-04-04 07:07:39,027 :: ERROR :: Park with id 11 not found
2024-04-04 07:07:39,027 :: ERROR :: Park with id 11 not found
2024-04-04 07:07:39,027 :: ERROR :: Park with id 11 not found
2024-04-04 07:07:39,028 :: ERROR :: Park with id 11 not found
2024-04-04 07:07:39,028 :: ERROR :: Park with id 11 not found
2024-04-04 07:07:39,028 :: ERROR :: Park with id 11 not found
2024-04-04 07:07:39,028 :: ERROR :: Park with id 11 not found
2024-04-04 07:07:39,029 :: ERROR :: Park with id 11 not found
2024-04-04 07:07:39,029 :: ERROR :: Park with id 11 not found
2024-04-04 07:07:39,029 :: ERROR :: Park with id 11 not found
2024-04-04 07:07:39,029 :: ERROR :: Park with id 11 not found
2024-04-04 07:07:39,029 :: ERROR :: Park with id 11 not found
2024-04-04 07:07:39,029 :: ERROR :: Park with id 11 not found
2024-04-04 07:07:39,029 :: ERROR :: Park with id 11 not found
2024-04-04 07:07:39,029 :: ERROR :: Park with id 11 not found
2024-04-04 07:07:39,030 :: ERROR :: Park with id 11 not found
2024-04-04 07:07:39,030 :: ERROR :: Park with id 11 not found
2024-04-04 07:07:39,030 :: ERROR :: Park with id 11 not found
2024-04-04 07:07:39,030 :: ERROR :: Park with id 11 not found
2024-04-04 07:07:39,030 :: ERROR :: Park with id 11 not found
2024-04-04 07:07:39,030 :: ERROR :: Park with id 11 not found
2024-04-04 07:07:39,030 :: ERROR :: Park with id 11 not found
2024-04-04 07:07:39,031 :: ERROR :: Park with id 11 not found
2024-04-04 07:07:39,031 :: ERROR :: Park with id 11 not found
2024-04-04 07:07:39,031 :: ERROR :: Park with id 11 not found
2024-04-04 07:07:39,031 :: ERROR :: Park with id 11 not found
2024-04-04 07:07:39,031 :: ERROR :: Park with id 11 not found
2024-04-04 07:07:39,031 :: ERROR :: Park with id 11 not found
2024-04-04 07:07:39,031 :: ERROR :: Park with id 11 not found
2024-04-04 07:07:39,031 :: ERROR :: Park with id 11 not found
2024-04-04 07:07:39,031 :: ERROR :: Park with id 11 not found
2024-04-04 07:07:39,032 :: ERROR :: Park with id 11 not found
2024-04-04 07:07:39,032 :: ERROR :: Park with id 11 not found
2024-04-04 07:07:39,032 :: ERROR :: Park with id 11 not found
2024-04-04 07:07:39,032 :: ERROR :: Park with id 11 not found
2024-04-04 07:07:39,032 :: ERROR :: Park with id 11 not found
2024-04-04 07:07:39,032 :: ERROR :: Park with id 11 not found
2024-04-04 07:07:39,032 :: ERROR :: Park with id 11 not found
2024-04-04 07:07:39,032 :: ERROR :: Park with id 11 not found
2024-04-04 07:07:39,033 :: ERROR :: Park with id 11 not found
2024-04-04 07:07:39,033 :: ERROR :: Park with id 11 not found
2024-04-04 07:07:39,033 :: ERROR :: Park with id 11 not found
2024-04-04 07:07:39,033 :: ERROR :: Park with id 11 not found
2024-04-04 07:07:39,034 :: ERROR :: Park with id 11 not found
2024-04-04 07:07:39,034 :: ERROR :: Park with id 11 not found
2024-04-04 07:07:39,034 :: ERROR :: Park with id 11 not found
2024-04-04 07:07:39,034 :: ERROR :: Park with id 11 not found
2024-04-04 07:07:39,034 :: ERROR :: Park with id 11 not found
2024-04-04 07:07:39,034 :: ERROR :: Park with id 11 not found
2024-04-04 07:07:39,035 :: ERROR :: Park with id 12 not found
2024-04-04 07:07:39,035 :: ERROR :: Park with id 12 not found
2024-04-04 07:07:39,035 :: ERROR :: Park with id 12 not found
2024-04-04 07:07:39,035 :: ERROR :: Park with id 12 not found
2024-04-04 07:07:39,035 :: ERROR :: Park with id 12 not found
2024-04-04 07:07:39,035 :: ERROR :: Park with id 12 not found
2024-04-04 07:07:39,036 :: ERROR :: Park with id 12 not found
2024-04-04 07:07:39,036 :: ERROR :: Park with id 12 not found
2024-04-04 07:07:39,036 :: ERROR :: Park with id 12 not found
2024-04-04 07:07:39,036 :: ERROR :: Park with id 12 not found
